[debug] [2022-03-12T17:23:26.346Z] ----------------------------------------------------------------------
[debug] [2022-03-12T17:23:26.348Z] Command:       C:\Program Files\nodejs\node.exe C:\Program Files\nodejs\node_modules\firebase-tools\lib\bin\firebase.js init
[debug] [2022-03-12T17:23:26.349Z] CLI Version:   10.2.1
[debug] [2022-03-12T17:23:26.349Z] Platform:      win32
[debug] [2022-03-12T17:23:26.349Z] Node Version:  v16.14.0
[debug] [2022-03-12T17:23:26.350Z] Time:          Sat Mar 12 2022 17:23:26 GMT+0000 (Greenwich Mean Time)
[debug] [2022-03-12T17:23:26.350Z] ----------------------------------------------------------------------
[debug] 
[debug] [2022-03-12T17:23:26.359Z] > command requires scopes: ["email","openid","https://www.googleapis.com/auth/cloudplatformprojects.readonly","https://www.googleapis.com/auth/firebase","https://www.googleapis.com/auth/cloud-platform"]
[debug] [2022-03-12T17:23:26.360Z] > authorizing via signed-in user (vodgobbocollector@gmail.com)
[info] 
     ######## #### ########  ######## ########     ###     ######  ########
     ##        ##  ##     ## ##       ##     ##  ##   ##  ##       ##
     ######    ##  ########  ######   ########  #########  ######  ######
     ##        ##  ##    ##  ##       ##     ## ##     ##       ## ##
     ##       #### ##     ## ######## ########  ##     ##  ######  ########

You're about to initialize a Firebase project in this directory:

  F:\Dev\furnacecounter

[info] 
=== Project Setup
[info] 
[info] First, let's associate this project directory with a Firebase project.
[info] You can create multiple project aliases by running firebase use --add, 
[info] but for now we'll just set up a default project.
[info] 
[debug] [2022-03-12T17:23:50.114Z] >>> [apiv2][query] GET https://firebase.googleapis.com/v1beta1/projects pageSize=100
[debug] [2022-03-12T17:23:50.590Z] <<< [apiv2][status] GET https://firebase.googleapis.com/v1beta1/projects 200
[debug] [2022-03-12T17:23:50.591Z] <<< [apiv2][body] GET https://firebase.googleapis.com/v1beta1/projects [omitted]
